12/09/2013 20:18:45 ERROR [5]	 page :DBServicesAPP.cs, function: getAnimalTypes(), exeption message: Invalid object name '.dbo.ProductTypes'.
12/09/2013 20:18:45 ERROR [5]	 page :InjuredPet.aspx.cs, the exeption message is : Invalid object name '.dbo.ProductTypes'.
12/09/2013 20:18:46 ERROR [9]	 page :DBServicesAPP.cs, function: getAnimalTypes(), exeption message: Invalid object name '.dbo.ProductTypes'.
12/09/2013 20:18:46 ERROR [9]	 page :InjuredPet.aspx.cs, the exeption message is : Invalid object name '.dbo.ProductTypes'.
12/09/2013 22:30:12 ERROR [18]	 page :DBServicesAPP.cs, function: getVolonteerPass(), exeption message: Invalid column name 'UserId'.
12/09/2013 22:30:12 ERROR [18]	 page :loginPage.aspx.cs, the exeption message is : Invalid column name 'UserId'.
12/09/2013 22:31:34 ERROR [5]	 page :DBServicesAPP.cs, function: getVolonteerPass(), exeption message: Invalid column name 'UserId'.
12/09/2013 22:31:34 ERROR [5]	 page :loginPage.aspx.cs, the exeption message is : Invalid column name 'UserId'.
12/09/2013 22:56:03 ERROR [12]	 page :loginPage.aspx.cs, the exeption message is : Thread was being aborted.
12/09/2013 22:56:43 ERROR [10]	 page :loginPage.aspx.cs, the exeption message is : Thread was being aborted.
12/09/2013 23:01:34 ERROR [8]	 page :loginPage.aspx.cs, the exeption message is : Thread was being aborted.
12/09/2013 23:03:45 ERROR [10]	 page :loginPage.aspx.cs, the exeption message is : Thread was being aborted.
12/09/2013 23:04:58 ERROR [17]	 page :loginPage.aspx.cs, the exeption message is : Thread was being aborted.
12/09/2013 23:07:16 ERROR [18]	 page :loginPage.aspx.cs, the exeption message is : Thread was being aborted.
12/09/2013 23:07:55 ERROR [18]	 page :loginPage.aspx.cs, the exeption message is : Thread was being aborted.
12/09/2013 23:08:25 ERROR [18]	 page :loginPage.aspx.cs, the exeption message is : Thread was being aborted.
12/09/2013 23:12:22 ERROR [18]	 page :DBServicesAPP.cs, function: disconnect(), exeption message: Adding the specified count to the semaphore would cause it to exceed its maximum count.
12/09/2013 23:12:22 ERROR [18]	 page :loginPage.aspx.cs, the exeption message is : Adding the specified count to the semaphore would cause it to exceed its maximum count.
12/09/2013 23:12:23 ERROR [26]	 page :DBServicesAPP.cs, function: disconnect(), exeption message: Adding the specified count to the semaphore would cause it to exceed its maximum count.
12/09/2013 23:12:23 ERROR [26]	 page :loginPage.aspx.cs, the exeption message is : Adding the specified count to the semaphore would cause it to exceed its maximum count.
12/09/2013 23:12:42 ERROR [27]	 page :DBServicesAPP.cs, function: connect(), exeption message: The handle is invalid. (Exception from HRESULT: 0x80070006 (E_HANDLE))
12/09/2013 23:12:42 ERROR [27]	 page :DBServicesAPP.cs, function: getVolonteerPass(), exeption message: The handle is invalid. (Exception from HRESULT: 0x80070006 (E_HANDLE))
12/09/2013 23:13:17 ERROR [27]	 page :loginPage.aspx.cs, the exeption message is : The handle is invalid. (Exception from HRESULT: 0x80070006 (E_HANDLE))
12/09/2013 23:13:37 ERROR [27]	 page :DBServicesAPP.cs, function: connect(), exeption message: The handle is invalid. (Exception from HRESULT: 0x80070006 (E_HANDLE))
12/09/2013 23:13:50 ERROR [27]	 page :DBServicesAPP.cs, function: getVolonteerPass(), exeption message: The handle is invalid. (Exception from HRESULT: 0x80070006 (E_HANDLE))
12/09/2013 23:13:50 ERROR [27]	 page :loginPage.aspx.cs, the exeption message is : The handle is invalid. (Exception from HRESULT: 0x80070006 (E_HANDLE))
12/09/2013 23:14:31 ERROR [19]	 page :DBServicesAPP.cs, function: getVolonteerPass(), exeption message: The handle is invalid. (Exception from HRESULT: 0x80070006 (E_HANDLE))
12/09/2013 23:14:31 ERROR [19]	 page :loginPage.aspx.cs, the exeption message is : The handle is invalid. (Exception from HRESULT: 0x80070006 (E_HANDLE))
12/09/2013 23:15:19 ERROR [14]	 page :DBServicesAPP.cs, function: connect(), exeption message: The handle is invalid. (Exception from HRESULT: 0x80070006 (E_HANDLE))
12/09/2013 23:15:19 ERROR [14]	 page :DBServicesAPP.cs, function: getVolonteerPass(), exeption message: The handle is invalid. (Exception from HRESULT: 0x80070006 (E_HANDLE))
12/09/2013 23:15:19 ERROR [14]	 page :loginPage.aspx.cs, the exeption message is : The handle is invalid. (Exception from HRESULT: 0x80070006 (E_HANDLE))
12/09/2013 23:25:34 ERROR [15]	 page :DBServicesAPP.cs, function: getVeg_ShoppingList(), exeption message: Invalid object name 'View_ShowProductList'.
12/09/2013 23:25:34 ERROR [15]	 page :ActivityShow.aspx.cs, the exeption message is : Invalid object name 'View_ShowProductList'.
12/09/2013 23:50:54 ERROR [28]	 page :InjuredPet_Incident.aspx.cs, the exeption message is : Invalid column name 'UserName'.
